<?xml version="1.0" encoding="UTF-8"?>
<!-- Generated by org.testng.reporters.JUnitReportReporter -->
<testsuite skipped="0" hostname="L6N57JR2" name="testcases.APITestCase" tests="2" failures="0" timestamp="29 Apr 2021 06:00:38 GMT" time="9.491" errors="0">
  <testcase name="TC002" time="2.816" classname="testcases.APITestCase"/>
  <testcase name="TC002" time="6.675" classname="testcases.APITestCase"/>
</testsuite> <!-- testcases.APITestCase -->
