<?xml version="1.0" encoding="UTF-8"?>
<!-- Generated by org.testng.reporters.JUnitReportReporter -->
<testsuite skipped="0" hostname="L6N57JR2" name="vanilla.WeatherForecast" tests="1" failures="0" timestamp="24 Apr 2021 07:20:20 GMT" time="19.035" errors="0">
  <testcase name="weatherComparator" time="19.035" classname="vanilla.WeatherForecast"/>
</testsuite> <!-- vanilla.WeatherForecast -->
