<?xml version="1.0" encoding="UTF-8"?>
<!-- Generated by org.testng.reporters.JUnitReportReporter -->
<testsuite skipped="0" hostname="L6N57JR2" name="testcases.UITestCase" tests="2" failures="0" timestamp="29 Apr 2021 06:05:06 GMT" time="58.589" errors="0">
  <testcase name="TC001" time="26.539" classname="testcases.UITestCase"/>
  <testcase name="TC001" time="32.050" classname="testcases.UITestCase"/>
</testsuite> <!-- testcases.UITestCase -->
