<?xml version="1.0" encoding="UTF-8"?>
<!-- Generated by org.testng.reporters.JUnitReportReporter -->
<testsuite skipped="0" hostname="L6N57JR2" name="testcases.UITestCase" tests="2" failures="0" timestamp="02 May 2021 14:58:35 GMT" time="86.561" errors="0">
  <testcase name="TC001" time="41.735" classname="testcases.UITestCase"/>
  <testcase name="TC001" time="44.826" classname="testcases.UITestCase"/>
</testsuite> <!-- testcases.UITestCase -->
