<?xml version="1.0" encoding="UTF-8"?>
<!-- Generated by org.testng.reporters.JUnitReportReporter -->
<testsuite skipped="0" hostname="L6N57JR2" name="vanillaScripting.WeatherReporting" tests="1" failures="0" timestamp="24 Apr 2021 23:48:21 GMT" time="27.505" errors="0">
  <testcase name="runTestCase" time="27.505" classname="vanillaScripting.WeatherReporting"/>
</testsuite> <!-- vanillaScripting.WeatherReporting -->
