<?xml version="1.0" encoding="UTF-8"?>
<!-- Generated by org.testng.reporters.JUnitReportReporter -->
<testsuite skipped="0" hostname="L6N57JR2" name="testcases.UIAndAPIComparison" tests="2" failures="0" timestamp="02 May 2021 09:40:47 GMT" time="43.312" errors="0">
  <testcase name="TC003" time="23.679" classname="testcases.UIAndAPIComparison"/>
  <testcase name="TC003" time="19.633" classname="testcases.UIAndAPIComparison"/>
</testsuite> <!-- testcases.UIAndAPIComparison -->
