<?xml version="1.0" encoding="UTF-8"?>
<!-- Generated by org.testng.reporters.JUnitReportReporter -->
<testsuite skipped="0" hostname="L6N57JR2" name="testcases.APITestCase" tests="2" failures="0" timestamp="02 May 2021 14:46:26 GMT" time="73.810" errors="0">
  <testcase name="TC002" time="35.123" classname="testcases.APITestCase"/>
  <testcase name="TC002" time="38.687" classname="testcases.APITestCase"/>
</testsuite> <!-- testcases.APITestCase -->
