<?xml version="1.0" encoding="UTF-8"?>
<!-- Generated by org.testng.reporters.JUnitReportReporter -->
<testsuite skipped="0" hostname="L6N57JR2" name="testcases.UIAndAPIComparison" tests="2" failures="0" timestamp="02 May 2021 14:58:35 GMT" time="91.188" errors="0">
  <testcase name="TC003" time="53.654" classname="testcases.UIAndAPIComparison"/>
  <testcase name="TC003" time="37.534" classname="testcases.UIAndAPIComparison"/>
</testsuite> <!-- testcases.UIAndAPIComparison -->
